<?xml version="1.0" encoding="UTF-8"?>
<testng-results skipped="0" failed="0" ignored="0" total="1" passed="1">
  <reporter-output>
  </reporter-output>
  <suite name="Default suite" duration-ms="4360" started-at="2022-08-13T08:41:58 CDT" finished-at="2022-08-13T08:42:03 CDT">
    <groups>
    </groups>
    <test name="Default test" duration-ms="4360" started-at="2022-08-13T08:41:58 CDT" finished-at="2022-08-13T08:42:03 CDT">
      <class name="frameworkTechLead.Framework">
        <test-method status="PASS" signature="init()[pri:0, instance:frameworkTechLead.Framework@33f88ab]" name="init" duration-ms="4313" started-at="2022-08-13T08:41:58 CDT" finished-at="2022-08-13T08:42:03 CDT">
          <reporter-output>
          </reporter-output>
        </test-method> <!-- init -->
      </class> <!-- frameworkTechLead.Framework -->
    </test> <!-- Default test -->
  </suite> <!-- Default suite -->
</testng-results>
